[14:50:59] [main/INFO]: Loading Minecraft 1.20.1 with Fabric Loader 0.16.3
[14:50:59] [ForkJoinPool-1-worker-2/WARN]: Mod levelz uses the version ${version} which isn't compatible with Loader's extended semantic version format (Could not parse version number component '${version}'!), SemVer is recommended for reliably evaluating dependencies and prioritizing newer version
[14:50:59] [ForkJoinPool-1-worker-2/WARN]: Mod adventurez uses the version ${version} which isn't compatible with Loader's extended semantic version format (Could not parse version number component '${version}'!), SemVer is recommended for reliably evaluating dependencies and prioritizing newer version
[14:50:59] [ForkJoinPool-1-worker-2/WARN]: Mod theorcs uses the version fabric-1.20.x-1.0 which isn't compatible with Loader's extended semantic version format (Could not parse version number component 'fabric'!), SemVer is recommended for reliably evaluating dependencies and prioritizing newer version
[14:51:00] [ForkJoinPool-1-worker-1/WARN]: Mod ultris_mr uses the version 5.6.9c which isn't compatible with Loader's extended semantic version format (Could not parse version number component '9c'!), SemVer is recommended for reliably evaluating dependencies and prioritizing newer version
[14:51:00] [main/WARN]: Warnings were found!
 - Mod 'Simply Swords' (simplyswords) 1.56.0-1.20.1 recommends version 1.7.2 or later of bettercombat, which is missing!
	 - You should install version 1.7.2 or later of bettercombat for the optimal experience.
[14:51:00] [main/INFO]: Loading 96 mods:
	- adventurez 1.4.20
	- amendments 1.20-1.2.12
	- architectury 9.2.14
	- bewitchment 1.20-10
	   |-- impersonate 2.10.3
	   |    |-- cardinal-components-base 5.2.1
	   |    |-- cardinal-components-entity 5.2.1
	   |    \-- fabric-permissions-api-v0 0.2-SNAPSHOT
	   |-- midnightlib 1.4.1
	   |-- playerabilitylib 1.8.0
	   |-- reach-entity-attributes 2.4.0
	   |-- step-height-entity-attribute 1.2.0
	   \-- terraform-wood-api-v1 7.0.3
	- carryon 2.1.2.7
	- cloth-config 11.1.136
	   \-- cloth-basic-math 0.6.1
	- coroutil 1.20.1-1.3.7
	   \-- forgeconfigapiport 8.0.0
	- creeperoverhaul 3.0.2
	   \-- resourcefullib 2.1.20
	        |-- com_teamresourceful_bytecodecs 1.0.2
	        \-- com_teamresourceful_yabn 1.0.3
	- fabric-api 0.92.2+1.20.1
	   |-- fabric-api-base 0.4.31+1802ada577
	   |-- fabric-api-lookup-api-v1 1.6.36+1802ada577
	   |-- fabric-biome-api-v1 13.0.13+1802ada577
	   |-- fabric-block-api-v1 1.0.11+1802ada577
	   |-- fabric-block-view-api-v2 1.0.1+1802ada577
	   |-- fabric-blockrenderlayer-v1 1.1.41+1802ada577
	   |-- fabric-client-tags-api-v1 1.1.2+1802ada577
	   |-- fabric-command-api-v1 1.2.34+f71b366f77
	   |-- fabric-command-api-v2 2.2.13+1802ada577
	   |-- fabric-commands-v0 0.2.51+df3654b377
	   |-- fabric-containers-v0 0.1.64+df3654b377
	   |-- fabric-content-registries-v0 4.0.11+1802ada577
	   |-- fabric-convention-tags-v1 1.5.5+1802ada577
	   |-- fabric-crash-report-info-v1 0.2.19+1802ada577
	   |-- fabric-data-attachment-api-v1 1.0.0+de0fd6d177
	   |-- fabric-data-generation-api-v1 12.3.4+1802ada577
	   |-- fabric-dimensions-v1 2.1.54+1802ada577
	   |-- fabric-entity-events-v1 1.6.0+1c78457f77
	   |-- fabric-events-interaction-v0 0.6.2+1802ada577
	   |-- fabric-events-lifecycle-v0 0.2.63+df3654b377
	   |-- fabric-game-rule-api-v1 1.0.40+1802ada577
	   |-- fabric-item-api-v1 2.1.28+1802ada577
	   |-- fabric-item-group-api-v1 4.0.12+1802ada577
	   |-- fabric-key-binding-api-v1 1.0.37+1802ada577
	   |-- fabric-keybindings-v0 0.2.35+df3654b377
	   |-- fabric-lifecycle-events-v1 2.2.22+1802ada577
	   |-- fabric-loot-api-v2 1.2.1+1802ada577
	   |-- fabric-loot-tables-v1 1.1.45+9e7660c677
	   |-- fabric-message-api-v1 5.1.9+1802ada577
	   |-- fabric-mining-level-api-v1 2.1.50+1802ada577
	   |-- fabric-model-loading-api-v1 1.0.3+1802ada577
	   |-- fabric-models-v0 0.4.2+9386d8a777
	   |-- fabric-networking-api-v1 1.3.11+1802ada577
	   |-- fabric-networking-v0 0.3.51+df3654b377
	   |-- fabric-object-builder-api-v1 11.1.3+1802ada577
	   |-- fabric-particles-v1 1.1.2+1802ada577
	   |-- fabric-recipe-api-v1 1.0.21+1802ada577
	   |-- fabric-registry-sync-v0 2.3.3+1802ada577
	   |-- fabric-renderer-api-v1 3.2.1+1802ada577
	   |-- fabric-renderer-indigo 1.5.2+85287f9f77
	   |-- fabric-renderer-registries-v1 3.2.46+df3654b377
	   |-- fabric-rendering-data-attachment-v1 0.3.37+92a0d36777
	   |-- fabric-rendering-fluids-v1 3.0.28+1802ada577
	   |-- fabric-rendering-v0 1.1.49+df3654b377
	   |-- fabric-rendering-v1 3.0.8+1802ada577
	   |-- fabric-resource-conditions-api-v1 2.3.8+1802ada577
	   |-- fabric-resource-loader-v0 0.11.10+1802ada577
	   |-- fabric-screen-api-v1 2.0.8+1802ada577
	   |-- fabric-screen-handler-api-v1 1.3.30+1802ada577
	   |-- fabric-sound-api-v1 1.0.13+1802ada577
	   |-- fabric-transfer-api-v1 3.3.5+8dd72ea377
	   \-- fabric-transitive-access-wideners-v1 4.3.1+1802ada577
	- fabricloader 0.16.3
	   \-- mixinextras 0.4.1
	- fallingtree 4.3.4
	- geckolib 4.4.9
	   \-- com_eliotlash_mclib_mclib 20
	- jade 11.12.0+fabric
	- java 17
	- jei 15.20.0.105
	- journeymap 5.10.3
	   \-- journeymap-api-fabric 1.20-1.9-fabric-SNAPSHOT
	- levelz 1.4.13
	- libz 1.0.3
	   |-- com_fasterxml_jackson_core_jackson-annotations 2.15.2
	   |-- com_fasterxml_jackson_core_jackson-core 2.15.2
	   \-- com_fasterxml_jackson_core_jackson-databind 2.15.2
	- minecraft 1.20.1
	- moonlight 1.20-2.13.37
	- mvs 4.1.4-1.20-fabric
	- patchouli 1.20.1-84-FABRIC
	   \-- fiber 0.23.0-2
	- pehkui 3.8.3+1.14.4-1.21
	   \-- kanos_config 0.4.1+1.14.4-1.19.4
	- resourcefulconfig 2.1.2
	- simplyswords 1.56.0-1.20.1
	   \-- spruceui 5.0.0+1.20
	- supplementaries 1.20-3.1.11
	   \-- mixinsquared 0.1.1
	- theorcs fabric-1.20.x-1.0
	- trinkets 3.7.2
	- ultris_mr 5.6.9c
	- yigd 2.0.10
	   |-- fabric-permissions-api-v0 0.2-SNAPSHOT
	   \-- libgui 8.1.1+1.20.1
	        |-- jankson 6.0.0+j1.2.3
	        |    \-- blue_endless_jankson 1.2.3
	        \-- libninepatch 1.2.0
[14:51:00] [main/INFO]: SpongePowered MIXIN Subsystem Version=0.8.7 Source=file:/workspaces/server-parte-do/servidor_minecraft/libraries/net/fabricmc/sponge-mixin/0.15.2+mixin.0.8.7/sponge-mixin-0.15.2+mixin.0.8.7.jar Service=Knot/Fabric Env=SERVER
[14:51:00] [main/INFO]: Compatibility level set to JAVA_17
[14:51:00] [main/WARN]: Reference map 'coroutil.refmap.json' for coroutil_fabric.mixins.json could not be read. If this is a development environment you can ignore this message
[14:51:01] [main/WARN]: Reference map 'simplyswords-fabric-refmap.json' for simplyswords.mixins.json could not be read. If this is a development environment you can ignore this message
[14:51:01] [main/WARN]: Error loading class: vectorwing/farmersdelight/common/block/TomatoVineBlock (java.lang.ClassNotFoundException: vectorwing/farmersdelight/common/block/TomatoVineBlock)
[14:51:01] [main/WARN]: Error loading class: me/jellysquid/mods/sodium/client/render/chunk/compile/pipeline/FluidRenderer (java.lang.ClassNotFoundException: me/jellysquid/mods/sodium/client/render/chunk/compile/pipeline/FluidRenderer)
[14:51:01] [main/WARN]: Error loading class: com/beansgalaxy/backpacks/compat/TrinketsRegistry$1 (java.lang.ClassNotFoundException: com/beansgalaxy/backpacks/compat/TrinketsRegistry$1)
[14:51:01] [main/WARN]: Error loading class: com/tiviacz/travelersbackpack/compat/trinkets/TravelersBackpackTrinket (java.lang.ClassNotFoundException: com/tiviacz/travelersbackpack/compat/trinkets/TravelersBackpackTrinket)
[14:51:02] [main/INFO]: Initializing MixinExtras via com.llamalad7.mixinextras.service.MixinExtrasServiceImpl(version=0.4.1).
[14:51:12] [main/INFO]: Loaded config amendments-common.json
[14:51:14] [main/INFO]: fabric loader environment detected
[14:51:14] [main/ERROR]: No data fixer registered for jungle_creeper
[14:51:14] [main/ERROR]: No data fixer registered for bamboo_creeper
[14:51:14] [main/ERROR]: No data fixer registered for desert_creeper
[14:51:14] [main/ERROR]: No data fixer registered for badlands_creeper
[14:51:14] [main/ERROR]: No data fixer registered for hills_creeper
[14:51:14] [main/ERROR]: No data fixer registered for savannah_creeper
[14:51:14] [main/ERROR]: No data fixer registered for mushroom_creeper
[14:51:14] [main/ERROR]: No data fixer registered for swamp_creeper
[14:51:14] [main/ERROR]: No data fixer registered for dripstone_creeper
[14:51:14] [main/ERROR]: No data fixer registered for cave_creeper
[14:51:14] [main/ERROR]: No data fixer registered for dark_oak_creeper
[14:51:14] [main/ERROR]: No data fixer registered for spruce_creeper
[14:51:14] [main/ERROR]: No data fixer registered for beach_creeper
[14:51:14] [main/ERROR]: No data fixer registered for snowy_creeper
[14:51:14] [main/ERROR]: No data fixer registered for ocean_creeper
[14:51:14] [main/INFO]: Initializing ServerSide Packet Registries
[14:51:15] [main/ERROR]: No data fixer registered for battlestandard
[14:51:15] [main/ERROR]: No data fixer registered for battlestandarddark
[14:51:15] [main/ERROR]: No data fixer registered for simplyswords:simplybeeentity
[14:51:15] [main/INFO]: [STDOUT]: /workspaces/server-parte-do/servidor_minecraft/config
[14:51:15] [main/INFO]: Loaded config supplementaries-common.json
[14:51:15] [main/ERROR]: No data fixer registered for theorcs:orc_grunt
[14:51:15] [main/ERROR]: No data fixer registered for theorcs:orc_shaman
[14:51:15] [main/ERROR]: No data fixer registered for theorcs:orc_ranger
[14:51:15] [main/ERROR]: No data fixer registered for theorcs:orc_boss
[14:51:16] [main/INFO]: Initialized block sets in 14ms
[14:51:16] [main/ERROR]: No data fixer registered for falling_lantern
[14:51:16] [main/ERROR]: No data fixer registered for dispenser_minecart
[14:51:16] [main/ERROR]: No data fixer registered for falling_urn
[14:51:16] [main/ERROR]: No data fixer registered for falling_ash
[14:51:16] [main/ERROR]: No data fixer registered for falling_sack
[14:51:16] [main/ERROR]: No data fixer registered for brick_projectile
[14:51:16] [main/ERROR]: No data fixer registered for slimeball_projectile
[14:51:16] [main/ERROR]: No data fixer registered for bomb
[14:51:16] [main/ERROR]: No data fixer registered for cannonball
[14:51:16] [main/ERROR]: No data fixer registered for rope_arrow
[14:51:16] [main/ERROR]: No data fixer registered for slingshot_projectile
[14:51:17] [main/INFO]: Initialized color sets in 37ms
[14:51:17] [main/INFO]: Finished mod setup in: [0, 0, 0, 1, 0, 0, 14, 4, 1] ms
[14:51:17] [main/INFO]: Environment: authHost='https://authserver.mojang.com', accountsHost='https://api.mojang.com', sessionHost='https://sessionserver.mojang.com', servicesHost='https://api.minecraftservices.com', name='PROD'
[14:51:17] [main/INFO]: Generated runtime SERVER_DATA for pack Supplementaries Generated Pack (supplementaries) in: 49 ms
[14:51:18] [main/INFO]: [fabric-registry-sync] Loaded registry data [file 1/4]
[14:51:19] [Worker-Main-2/ERROR]: Couldn't load tag supplementaries:lunch_basket_blacklist as it is missing following references: potionbundles:potion_bundle (from fabric)
[14:51:21] [main/INFO]: Loaded 14 recipes
[14:51:21] [main/ERROR]: Parsing error loading custom advancement supplementaries:recipes/planter_rich: Unknown item id 'farmersdelight:rich_soil'
[14:51:21] [main/INFO]: Loaded 1805 advancements
[14:51:21] [main/INFO]: Loaded 27 flute songs
[14:51:21] [main/INFO]: Reloading grave shape (server)
[14:51:21] [main/INFO]: Grave model and shape reload successful (server)
[14:51:21] [main/INFO]: Reloading YIGD graveyard data (server)
[14:51:21] [main/INFO]: Graveyard data successfully reloaded (server)
[14:51:21] [main/INFO]: Reloading YIGD grave area overrides (server)
[14:51:21] [main/INFO]: Grave area overrides successfully reloaded (server)
[14:51:22] [main/WARN]: Not all defined tags for registry ResourceKey[minecraft:root / minecraft:block] are present in data pack: 1_splatus:spellbound/hot
[14:51:23] [main/INFO]: Applied 7 data villager trades
[14:51:23] [main/INFO]: Finished additional setup in 0 ms
[14:51:23] [main/INFO]: Applied 593 biome modifications to 63 of 64 new biomes in 32.48 ms
[14:51:23] [Server thread/INFO]: Starting minecraft server version 1.20.1
[14:51:23] [Server thread/INFO]: Loading properties
[14:51:23] [Server thread/INFO]: Default game type: SURVIVAL
[14:51:23] [Server thread/INFO]: Generating keypair
[14:51:24] [Server thread/INFO]: Starting Minecraft server on *:25565
[14:51:24] [Server thread/INFO]: Using epoll channel type
[14:51:24] [Server thread/WARN]: **** SERVER IS RUNNING IN OFFLINE/INSECURE MODE!
[14:51:24] [Server thread/WARN]: The server will make no attempt to authenticate usernames. Beware.
[14:51:24] [Server thread/WARN]: While this makes the game possible to play without internet access, it also opens up the ability for hackers to connect with any username they choose.
[14:51:24] [Server thread/WARN]: To change this, set "online-mode" to "true" in the server.properties file.
[14:51:24] [Server thread/INFO]: Preparing level "world"
[14:51:27] [Server thread/INFO]: Preparing start region for dimension minecraft:overworld
[14:51:31] [Worker-Main-3/INFO]: Preparing spawn area: 0%
[14:51:31] [Worker-Main-2/INFO]: Preparing spawn area: 0%
[14:51:31] [Worker-Main-1/INFO]: Preparing spawn area: 0%
[14:51:31] [Worker-Main-3/INFO]: Preparing spawn area: 0%
[14:51:32] [Worker-Main-1/INFO]: Preparing spawn area: 0%
[14:51:32] [Worker-Main-1/INFO]: Preparing spawn area: 0%
[14:51:32] [Worker-Main-2/INFO]: Preparing spawn area: 0%
[14:51:32] [Worker-Main-2/INFO]: Preparing spawn area: 0%
[14:51:32] [Worker-Main-2/INFO]: Preparing spawn area: 0%
[14:51:32] [Worker-Main-1/INFO]: Preparing spawn area: 0%
[14:51:32] [Worker-Main-1/INFO]: Preparing spawn area: 0%
[14:51:33] [Worker-Main-2/INFO]: Preparing spawn area: 0%
[14:51:33] [Worker-Main-3/INFO]: Preparing spawn area: 0%
[14:51:34] [Worker-Main-2/INFO]: Preparing spawn area: 0%
[14:51:34] [Worker-Main-3/INFO]: Preparing spawn area: 0%
[14:51:35] [Worker-Main-3/INFO]: Preparing spawn area: 2%
[14:51:35] [Worker-Main-1/INFO]: Preparing spawn area: 30%
[14:51:36] [Worker-Main-2/INFO]: Preparing spawn area: 85%
[14:51:36] [Server thread/INFO]: Time elapsed: 8667 ms
[14:51:36] [Server thread/INFO]: Done (12.281s)! For help, type "help"
[14:51:36] [Server thread/INFO]: Start loading plugin from Jade
[14:51:36] [Server thread/INFO]: Start loading plugin from Jade
[14:51:36] [Server thread/INFO]: Start loading plugin from Jade
[14:51:36] [Server thread/INFO]: Start loading plugin from LevelZ
[14:51:36] [Server thread/INFO]: Start loading plugin from Supplementaries
[14:51:46] [Worker-Main-1/WARN]: Moog's Voyager Structures: Empty or nonexistent pool: mvs:mine_with_campsite/side_pool which is being called from mvs:other_decoration/mine_with_campsite
[14:51:49] [Server thread/WARN]: Can't keep up! Is the server overloaded? Running 13088ms or 261 ticks behind
[14:56:25] [Server thread/INFO]: pitulinaso[/172.25.32.15:50114] logged in with entity id 36 at (1218.300000011921, 64.0, 150.30000001192093)
[14:56:26] [Server thread/INFO]: Syncing config to pitulinaso (f0309d4a-3caf-3830-a605-03a4bb6e87bb)
[14:56:26] [Netty Epoll Server IO #1/INFO]: Priority overwritten for player pitulinaso. Claiming: GRAVE / Robbing: INVENTORY
[14:56:29] [Worker-Main-11/WARN]: Moog's Voyager Structures: Empty or nonexistent pool: mvs:mine_with_campsite/side_pool which is being called from mvs:other_decoration/mine_with_campsite
[14:56:32] [Server thread/INFO]: pitulinaso joined the game
[14:56:32] [Server thread/WARN]: Can't keep up! Is the server overloaded? Running 6336ms or 126 ticks behind
[14:56:55] [Server thread/INFO]: pitulinaso claimed a grave belonging to pitulinaso at 1218, 64, 150, minecraft:overworld
[14:56:59] [Server thread/INFO]: violetfoxx[/172.25.212.71:49936] logged in with entity id 293 at (450.30000001192093, 50.0, -993.0945397124691)
[14:56:59] [Server thread/INFO]: Syncing config to violetfoxx (2f063922-f761-3c03-bd8f-35e2f3ef9fb4)
[14:56:59] [Server thread/INFO]: violetfoxx joined the game
[14:57:01] [Netty Epoll Server IO #4/INFO]: Priority overwritten for player violetfoxx. Claiming: GRAVE / Robbing: INVENTORY
[14:57:42] [Server thread/INFO]: EmpaXG04[/172.25.58.124:64147] logged in with entity id 613 at (-1160.257777989033, 75.0, -1721.3466330145231)
[14:57:42] [Server thread/INFO]: Syncing config to EmpaXG04 (6108b51e-516d-3e08-b844-60027275940a)
[14:57:42] [Server thread/INFO]: EmpaXG04 joined the game
[14:57:43] [Netty Epoll Server IO #5/INFO]: Priority overwritten for player EmpaXG04. Claiming: GRAVE / Robbing: INVENTORY
[14:57:59] [Server thread/INFO]: violetfoxx lost connection: Timed out
[14:57:59] [Server thread/INFO]: violetfoxx left the game
[14:57:59] [Server thread/WARN]: handleDisconnection() called twice
[14:58:15] [Server thread/INFO]: [Not Secure] <EmpaXG04> el madafacking jairo
[14:58:19] [Server thread/INFO]: [Not Secure] <pitulinaso> se fue
[14:58:26] [Server thread/INFO]: violetfoxx[/172.25.212.71:49955] logged in with entity id 1034 at (433.27002443094625, 68.16610926093821, -993.0869864152162)
[14:58:26] [Server thread/INFO]: Syncing config to violetfoxx (2f063922-f761-3c03-bd8f-35e2f3ef9fb4)
[14:58:26] [Server thread/INFO]: violetfoxx joined the game
[14:58:27] [Netty Epoll Server IO #0/INFO]: Priority overwritten for player violetfoxx. Claiming: GRAVE / Robbing: INVENTORY
[14:58:35] [Server thread/INFO]: [Not Secure] <EmpaXG04> ahora volvio
[14:58:56] [Server thread/INFO]: violetfoxx lost connection: Timed out
[14:58:56] [Server thread/INFO]: violetfoxx left the game
[14:59:00] [Server thread/INFO]: violetfoxx[/172.25.212.71:49965] logged in with entity id 1398 at (433.27002443094625, 68.0, -993.0869864152162)
[14:59:00] [Server thread/INFO]: Syncing config to violetfoxx (2f063922-f761-3c03-bd8f-35e2f3ef9fb4)
[14:59:00] [Server thread/INFO]: violetfoxx joined the game
[14:59:01] [Netty Epoll Server IO #2/INFO]: Priority overwritten for player violetfoxx. Claiming: GRAVE / Robbing: INVENTORY
[14:59:06] [Server thread/INFO]: [Not Secure] <pitulinaso> ahora se fue de nuevo
[14:59:14] [Server thread/INFO]: [Not Secure] <pitulinaso> HAY QUE SACARNOS UNA FOTO LOS 3
[15:00:08] [Server thread/INFO]: pitulinaso has made the advancement [We Need to Go Deeper]
[15:00:08] [Server thread/INFO]: [pitulinaso: Teleported pitulinaso to EmpaXG04]
[15:00:22] [Server thread/INFO]: Locating element minecraft:fortress took 16 ms
[15:00:28] [Server thread/INFO]: [Not Secure] <EmpaXG04> tenkiu
[15:00:34] [Server thread/INFO]: [Not Secure] <pitulinaso> yur welcom
[15:00:44] [Server thread/INFO]: [Not Secure] <pitulinaso> donde queda mi casa
[15:01:38] [Server thread/INFO]: Locating element minecraft:fortress took 1 ms
[15:01:59] [Server thread/INFO]: pitulinaso was slain by Enderman
[15:02:03] [Server thread/INFO]: [Not Secure] <EmpaXG04> pajero
[15:02:12] [Server thread/INFO]: pitulinaso claimed a grave belonging to pitulinaso at 1137, 37, -886, minecraft:the_nether
[15:03:25] [Server thread/WARN]: violetfoxx moved too quickly! 5.617266600006133,0.7967356006687112,8.366745065746727
[15:03:25] [Server thread/WARN]: Can't keep up! Is the server overloaded? Running 2879ms or 57 ticks behind
[15:07:43] [Server thread/INFO]: violetfoxx was blown up by Creeper
[15:07:58] [Server thread/INFO]: violetfoxx claimed a grave belonging to violetfoxx at 502, 67, -935, minecraft:overworld
[15:10:26] [Worker-Main-10/WARN]: Empty height range: [0 absolute--16 absolute]
[15:11:03] [Worker-Main-10/ERROR]: Hanging entity at invalid position: class_2338{x=383, y=99, z=1251}
[15:11:03] [Worker-Main-10/ERROR]: Hanging entity at invalid position: class_2338{x=383, y=100, z=1251}
[15:11:03] [Worker-Main-10/ERROR]: Hanging entity at invalid position: class_2338{x=383, y=101, z=1251}
[15:11:03] [Worker-Main-10/ERROR]: Hanging entity at invalid position: class_2338{x=384, y=101, z=1251}
[15:11:03] [Worker-Main-10/ERROR]: Hanging entity at invalid position: class_2338{x=384, y=100, z=1251}
[15:11:03] [Worker-Main-10/ERROR]: Hanging entity at invalid position: class_2338{x=384, y=99, z=1251}
[15:11:09] [Server thread/INFO]: Locating element minecraft:fortress took 0 ms
[15:11:22] [Server thread/INFO]: Named entity class_1613['Illusioner'/9781, l='ServerLevel[world]', x=-740.70, y=-400.00, z=-587.60] died: Illusioner was killed
[15:11:22] [Server thread/INFO]: Named entity class_1581['Illusioner'/9782, l='ServerLevel[world]', x=-740.70, y=-400.00, z=-587.60] died: Illusioner was killed
[15:11:22] [Server thread/INFO]: Named entity class_1613['Illusioner'/9779, l='ServerLevel[world]', x=-734.70, y=-400.00, z=-576.95] died: Illusioner was killed
[15:11:22] [Server thread/INFO]: Named entity class_1581['Illusioner'/9780, l='ServerLevel[world]', x=-734.70, y=-400.00, z=-576.95] died: Illusioner was killed
[15:11:22] [Server thread/INFO]: Named entity class_1613['Illusioner'/9778, l='ServerLevel[world]', x=-730.33, y=-400.00, z=-574.88] died: Illusioner was killed
[15:11:24] [Server thread/INFO]: Named entity class_1613['Illusioner'/9847, l='ServerLevel[world]', x=-729.37, y=-400.00, z=-570.07] died: Illusioner was killed
[15:11:24] [Server thread/INFO]: Named entity class_1613['Illusioner'/9848, l='ServerLevel[world]', x=-729.74, y=-400.00, z=-575.22] died: Illusioner was killed
[15:11:24] [Server thread/INFO]: Named entity class_1581['Illusioner'/9849, l='ServerLevel[world]', x=-729.74, y=-400.00, z=-575.22] died: Illusioner was killed
[15:11:24] [Server thread/INFO]: Named entity class_1613['Illusioner'/9850, l='ServerLevel[world]', x=-732.70, y=-400.00, z=-573.69] died: Illusioner was killed
[15:11:24] [Server thread/INFO]: Named entity class_1581['Illusioner'/9851, l='ServerLevel[world]', x=-732.70, y=-400.00, z=-573.69] died: Illusioner was killed
[15:11:31] [Server thread/INFO]: Named entity class_1613['Illusioner'/9902, l='ServerLevel[world]', x=-730.65, y=-400.00, z=-569.79] died: Illusioner was killed
[15:11:31] [Server thread/INFO]: Named entity class_1613['Illusioner'/9903, l='ServerLevel[world]', x=-721.76, y=-400.00, z=-562.89] died: Illusioner was killed
[15:11:31] [Server thread/INFO]: Named entity class_1581['Illusioner'/9904, l='ServerLevel[world]', x=-721.76, y=-400.00, z=-562.89] died: Illusioner was killed
[15:11:31] [Server thread/INFO]: Named entity class_1613['Illusioner'/9905, l='ServerLevel[world]', x=-724.46, y=-400.00, z=-564.30] died: Illusioner was killed
[15:11:31] [Server thread/INFO]: Named entity class_1581['Illusioner'/9906, l='ServerLevel[world]', x=-724.46, y=-400.00, z=-564.30] died: Illusioner was killed
[15:11:32] [Server thread/INFO]: Named entity class_1581['Illusioner'/9927, l='ServerLevel[world]', x=-726.38, y=-400.00, z=-567.44] died: Illusioner was killed whilst fighting Illusioner
[15:11:32] [Server thread/INFO]: Named entity class_1613['Illusioner'/9926, l='ServerLevel[world]', x=-726.00, y=-400.00, z=-567.46] died: Illusioner was killed
[15:11:36] [Server thread/INFO]: Named entity class_1613['Illusioner'/9928, l='ServerLevel[world]', x=-722.98, y=-400.00, z=-566.83] died: Illusioner was killed
[15:11:36] [Server thread/INFO]: Named entity class_1581['Illusioner'/9929, l='ServerLevel[world]', x=-722.98, y=-400.00, z=-566.83] died: Illusioner was killed
[15:11:36] [Server thread/INFO]: Named entity class_1613['Illusioner'/9925, l='ServerLevel[world]', x=-720.93, y=-400.00, z=-570.33] died: Illusioner was killed
[15:11:42] [Server thread/INFO]: Named entity class_1613['Illusioner'/10021, l='ServerLevel[world]', x=-720.24, y=-400.00, z=-583.38] died: Illusioner was killed
[15:11:42] [Server thread/INFO]: Named entity class_1613['Illusioner'/10024, l='ServerLevel[world]', x=-717.44, y=-400.00, z=-577.72] died: Illusioner was killed
[15:11:42] [Server thread/INFO]: Named entity class_1581['Illusioner'/10025, l='ServerLevel[world]', x=-717.44, y=-400.00, z=-577.72] died: Illusioner was killed
[15:11:42] [Server thread/INFO]: Named entity class_1613['Illusioner'/10022, l='ServerLevel[world]', x=-716.75, y=-400.00, z=-577.78] died: Illusioner was killed
[15:11:42] [Server thread/INFO]: Named entity class_1581['Illusioner'/10023, l='ServerLevel[world]', x=-716.75, y=-400.00, z=-577.78] died: Illusioner was killed
[15:11:45] [Server thread/INFO]: Named entity class_1613['Illusioner'/10056, l='ServerLevel[world]', x=-738.36, y=-400.00, z=-590.70] died: Illusioner was killed
[15:11:45] [Server thread/INFO]: Named entity class_1581['Illusioner'/10057, l='ServerLevel[world]', x=-738.36, y=-400.00, z=-590.70] died: Illusioner was killed
[15:11:45] [Server thread/INFO]: Named entity class_1613['Illusioner'/10055, l='ServerLevel[world]', x=-722.30, y=-400.00, z=-585.39] died: Illusioner was killed
[15:11:45] [Server thread/INFO]: Named entity class_1613['Illusioner'/10058, l='ServerLevel[world]', x=-713.12, y=-400.00, z=-594.49] died: Illusioner was killed
[15:11:45] [Server thread/INFO]: Named entity class_1581['Illusioner'/10059, l='ServerLevel[world]', x=-713.12, y=-400.00, z=-594.49] died: Illusioner was killed
[15:11:46] [Worker-Main-15/ERROR]: Hanging entity at invalid position: class_2338{x=385, y=99, z=1251}
[15:11:46] [Worker-Main-15/ERROR]: Hanging entity at invalid position: class_2338{x=385, y=101, z=1251}
[15:11:46] [Worker-Main-15/ERROR]: Hanging entity at invalid position: class_2338{x=385, y=100, z=1251}
[15:11:46] [Worker-Main-15/WARN]: Ignoring unknown attribute 'forge:entity_gravity'
[15:11:50] [Server thread/INFO]: Named entity class_1613['Illusioner'/10158, l='ServerLevel[world]', x=-726.30, y=-400.00, z=-589.39] died: Illusioner was killed
[15:11:50] [Server thread/INFO]: Named entity class_1613['Illusioner'/10157, l='ServerLevel[world]', x=-720.30, y=-400.00, z=-583.39] died: Illusioner was killed
[15:11:50] [Server thread/INFO]: Named entity class_1581['Illusioner'/10159, l='ServerLevel[world]', x=-726.30, y=-400.00, z=-589.39] died: Illusioner was killed
[15:11:50] [Server thread/INFO]: Named entity class_1613['Illusioner'/10160, l='ServerLevel[world]', x=-723.71, y=-400.00, z=-580.53] died: Illusioner was killed
[15:11:50] [Server thread/INFO]: Named entity class_1581['Illusioner'/10161, l='ServerLevel[world]', x=-723.71, y=-400.00, z=-580.53] died: Illusioner was killed
[15:11:53] [Server thread/INFO]: Named entity class_1613['Illusioner'/10169, l='ServerLevel[world]', x=-726.95, y=-400.00, z=-585.83] died: Illusioner was killed
[15:11:53] [Server thread/INFO]: Named entity class_1613['Illusioner'/10170, l='ServerLevel[world]', x=-726.30, y=-400.00, z=-583.39] died: Illusioner was killed
[15:11:53] [Server thread/INFO]: Named entity class_1581['Illusioner'/10171, l='ServerLevel[world]', x=-726.30, y=-400.00, z=-583.39] died: Illusioner was killed
[15:11:53] [Server thread/INFO]: Named entity class_1613['Illusioner'/10172, l='ServerLevel[world]', x=-726.69, y=-400.00, z=-586.66] died: Illusioner was killed
[15:11:53] [Server thread/INFO]: Named entity class_1581['Illusioner'/10173, l='ServerLevel[world]', x=-726.69, y=-400.00, z=-586.66] died: Illusioner was killed
[15:11:58] [Server thread/INFO]: Named entity class_1613['Illusioner'/10259, l='ServerLevel[world]', x=-722.95, y=-400.00, z=-593.83] died: Illusioner was killed
[15:11:58] [Server thread/INFO]: Named entity class_1613['Illusioner'/10260, l='ServerLevel[world]', x=-724.95, y=-400.00, z=-583.83] died: Illusioner was killed
[15:11:58] [Server thread/INFO]: Named entity class_1581['Illusioner'/10261, l='ServerLevel[world]', x=-724.95, y=-400.00, z=-583.83] died: Illusioner was killed
[15:11:58] [Server thread/INFO]: Named entity class_1613['Illusioner'/10262, l='ServerLevel[world]', x=-734.78, y=-400.00, z=-584.52] died: Illusioner was killed
[15:11:58] [Server thread/INFO]: Named entity class_1581['Illusioner'/10263, l='ServerLevel[world]', x=-734.78, y=-400.00, z=-584.52] died: Illusioner was killed
[15:12:05] [Server thread/INFO]: Named entity class_1613['Illusioner'/10297, l='ServerLevel[world]', x=-726.95, y=-400.00, z=-593.83] died: Illusioner was killed whilst fighting pitulinaso
[15:12:05] [Server thread/INFO]: Named entity class_1581['Illusioner'/10298, l='ServerLevel[world]', x=-726.95, y=-400.00, z=-593.83] died: Illusioner was killed
[15:12:07] [Server thread/INFO]: Named entity class_1613['Illusioner'/10295, l='ServerLevel[world]', x=-716.95, y=-400.00, z=-599.83] died: Illusioner was killed
[15:12:07] [Server thread/INFO]: Named entity class_1581['Illusioner'/10296, l='ServerLevel[world]', x=-716.95, y=-400.00, z=-599.83] died: Illusioner was killed
[15:12:07] [Server thread/INFO]: Named entity class_1613['Illusioner'/10294, l='ServerLevel[world]', x=-719.18, y=-400.00, z=-590.01] died: Illusioner was killed
[15:12:13] [Server thread/INFO]: Named entity class_1613['Illusioner'/10394, l='ServerLevel[world]', x=-723.18, y=-400.00, z=-595.48] died: Illusioner was killed
[15:12:13] [Server thread/INFO]: Named entity class_1613['Illusioner'/10395, l='ServerLevel[world]', x=-735.48, y=-400.00, z=-595.04] died: Illusioner was killed
[15:12:13] [Server thread/INFO]: Named entity class_1581['Illusioner'/10396, l='ServerLevel[world]', x=-735.48, y=-400.00, z=-595.04] died: Illusioner was killed
[15:12:13] [Server thread/INFO]: Named entity class_1613['Illusioner'/10397, l='ServerLevel[world]', x=-717.18, y=-400.00, z=-600.01] died: Illusioner was killed
[15:12:13] [Server thread/INFO]: Named entity class_1581['Illusioner'/10398, l='ServerLevel[world]', x=-717.18, y=-400.00, z=-600.01] died: Illusioner was killed
[15:12:22] [Server thread/INFO]: Named entity class_1613['Illusioner'/10451, l='ServerLevel[world]', x=-727.18, y=-400.00, z=-595.48] died: Illusioner was killed
[15:12:22] [Server thread/INFO]: Named entity class_1613['Illusioner'/10448, l='ServerLevel[world]', x=-721.18, y=-400.00, z=-597.48] died: Illusioner was killed
[15:12:22] [Server thread/INFO]: Named entity class_1613['Illusioner'/10449, l='ServerLevel[world]', x=-725.18, y=-400.00, z=-597.48] died: Illusioner was killed
[15:12:22] [Server thread/INFO]: Named entity class_1581['Illusioner'/10450, l='ServerLevel[world]', x=-725.18, y=-400.00, z=-597.48] died: Illusioner was killed
[15:12:22] [Server thread/INFO]: Named entity class_1581['Illusioner'/10452, l='ServerLevel[world]', x=-727.18, y=-400.00, z=-595.48] died: Illusioner was killed
[15:12:27] [Server thread/INFO]: Named entity class_1613['Illusioner'/10571, l='ServerLevel[world]', x=-726.16, y=-400.00, z=-599.62] died: Illusioner was killed
[15:12:27] [Server thread/INFO]: Named entity class_1613['Illusioner'/10572, l='ServerLevel[world]', x=-724.35, y=-400.00, z=-595.68] died: Illusioner was killed
[15:12:27] [Server thread/INFO]: Named entity class_1581['Illusioner'/10573, l='ServerLevel[world]', x=-724.35, y=-400.00, z=-595.68] died: Illusioner was killed
[15:12:27] [Server thread/INFO]: Named entity class_1613['Illusioner'/10574, l='ServerLevel[world]', x=-717.18, y=-400.00, z=-599.48] died: Illusioner was killed
[15:12:27] [Server thread/INFO]: Named entity class_1581['Illusioner'/10575, l='ServerLevel[world]', x=-717.18, y=-400.00, z=-599.48] died: Illusioner was killed
[15:12:30] [Server thread/INFO]: Named entity class_1613['Illusioner'/10614, l='ServerLevel[world]', x=-732.16, y=-400.00, z=-603.62] died: Illusioner was killed
[15:12:30] [Server thread/INFO]: Named entity class_1613['Illusioner'/10615, l='ServerLevel[world]', x=-724.16, y=-400.00, z=-601.62] died: Illusioner was killed
[15:12:30] [Server thread/INFO]: Named entity class_1581['Illusioner'/10616, l='ServerLevel[world]', x=-724.16, y=-400.00, z=-601.62] died: Illusioner was killed
[15:12:30] [Server thread/INFO]: Named entity class_1613['Illusioner'/10617, l='ServerLevel[world]', x=-726.16, y=-400.00, z=-597.62] died: Illusioner was killed
[15:12:30] [Server thread/INFO]: Named entity class_1581['Illusioner'/10618, l='ServerLevel[world]', x=-726.16, y=-400.00, z=-597.62] died: Illusioner was killed
[15:12:32] [Server thread/INFO]: Named entity class_1613['Illusioner'/10661, l='ServerLevel[world]', x=-738.16, y=-400.00, z=-601.62] died: Illusioner was killed
[15:12:32] [Server thread/INFO]: Named entity class_1581['Illusioner'/10662, l='ServerLevel[world]', x=-738.16, y=-400.00, z=-601.62] died: Illusioner was killed
[15:12:32] [Server thread/INFO]: Named entity class_1613['Illusioner'/10659, l='ServerLevel[world]', x=-730.16, y=-400.00, z=-609.62] died: Illusioner was killed
[15:12:32] [Server thread/INFO]: Named entity class_1581['Illusioner'/10660, l='ServerLevel[world]', x=-730.16, y=-400.00, z=-609.62] died: Illusioner was killed
[15:12:32] [Server thread/INFO]: Named entity class_1613['Illusioner'/10658, l='ServerLevel[world]', x=-734.16, y=-400.00, z=-601.62] died: Illusioner was killed
[15:12:33] [Server thread/INFO]: Named entity class_1613['Illusioner'/10682, l='ServerLevel[world]', x=-736.16, y=-400.00, z=-607.62] died: Illusioner was killed
[15:12:33] [Server thread/INFO]: Named entity class_1613['Illusioner'/10683, l='ServerLevel[world]', x=-740.16, y=-400.00, z=-605.62] died: Illusioner was killed
[15:12:33] [Server thread/INFO]: Named entity class_1581['Illusioner'/10684, l='ServerLevel[world]', x=-740.16, y=-400.00, z=-605.62] died: Illusioner was killed
[15:12:33] [Server thread/INFO]: Named entity class_1613['Illusioner'/10685, l='ServerLevel[world]', x=-734.16, y=-400.00, z=-605.62] died: Illusioner was killed
[15:12:33] [Server thread/INFO]: Named entity class_1581['Illusioner'/10686, l='ServerLevel[world]', x=-734.16, y=-400.00, z=-605.62] died: Illusioner was killed
[15:12:38] [Server thread/INFO]: Named entity class_1613['Illusioner'/10754, l='ServerLevel[world]', x=-736.16, y=-400.00, z=-607.62] died: Illusioner was killed
[15:12:38] [Server thread/INFO]: Named entity class_1613['Illusioner'/10755, l='ServerLevel[world]', x=-730.16, y=-400.00, z=-609.62] died: Illusioner was killed
[15:12:38] [Server thread/INFO]: Named entity class_1613['Illusioner'/10757, l='ServerLevel[world]', x=-730.16, y=-400.00, z=-611.62] died: Illusioner was killed
[15:12:38] [Server thread/INFO]: Named entity class_1581['Illusioner'/10756, l='ServerLevel[world]', x=-730.16, y=-400.00, z=-609.62] died: Illusioner was killed
[15:12:38] [Server thread/INFO]: Named entity class_1581['Illusioner'/10758, l='ServerLevel[world]', x=-730.16, y=-400.00, z=-611.62] died: Illusioner was killed
[15:12:43] [Server thread/INFO]: Named entity class_1613['Illusioner'/11074, l='ServerLevel[world]', x=-742.16, y=-400.00, z=-607.62] died: Illusioner was killed
[15:12:43] [Server thread/INFO]: Named entity class_1581['Illusioner'/11075, l='ServerLevel[world]', x=-742.16, y=-400.00, z=-607.62] died: Illusioner was killed
[15:12:43] [Server thread/INFO]: Named entity class_1613['Illusioner'/11076, l='ServerLevel[world]', x=-742.16, y=-400.00, z=-605.62] died: Illusioner was killed
[15:12:43] [Server thread/INFO]: Named entity class_1581['Illusioner'/11077, l='ServerLevel[world]', x=-742.16, y=-400.00, z=-605.62] died: Illusioner was killed
[15:12:43] [Server thread/INFO]: Named entity class_1613['Illusioner'/11073, l='ServerLevel[world]', x=-732.72, y=-400.00, z=-609.49] died: Illusioner was killed
[15:12:46] [Server thread/INFO]: Named entity class_1613['Illusioner'/11082, l='ServerLevel[world]', x=-730.47, y=-400.00, z=-609.55] died: Illusioner was killed
[15:12:46] [Server thread/INFO]: Named entity class_1613['Illusioner'/11085, l='ServerLevel[world]', x=-722.51, y=-400.00, z=-608.75] died: Illusioner was killed
[15:12:46] [Server thread/INFO]: Named entity class_1581['Illusioner'/11086, l='ServerLevel[world]', x=-722.51, y=-400.00, z=-608.75] died: Illusioner was killed
[15:12:46] [Server thread/INFO]: Named entity class_1613['Illusioner'/11083, l='ServerLevel[world]', x=-727.42, y=-400.00, z=-604.83] died: Illusioner was killed
[15:12:46] [Server thread/INFO]: Named entity class_1581['Illusioner'/11084, l='ServerLevel[world]', x=-727.42, y=-400.00, z=-604.83] died: Illusioner was killed
[15:12:47] [Server thread/INFO]: Named entity class_1613['Illusioner'/11126, l='ServerLevel[world]', x=-728.47, y=-400.00, z=-609.55] died: Illusioner was killed whilst fighting pitulinaso
[15:12:47] [Server thread/INFO]: Named entity class_1581['Illusioner'/11127, l='ServerLevel[world]', x=-728.47, y=-400.00, z=-609.55] died: Illusioner was killed
[15:12:52] [Server thread/INFO]: Named entity class_1613['Illusioner'/11123, l='ServerLevel[world]', x=-732.74, y=-400.00, z=-604.94] died: Illusioner was killed whilst fighting pitulinaso
[15:12:52] [Server thread/INFO]: Named entity class_1613['Illusioner'/11124, l='ServerLevel[world]', x=-735.47, y=-400.00, z=-606.70] died: Illusioner was killed
[15:12:52] [Server thread/INFO]: Named entity class_1581['Illusioner'/11125, l='ServerLevel[world]', x=-735.47, y=-400.00, z=-606.70] died: Illusioner was killed
[15:12:57] [Server thread/INFO]: Named entity class_1613['Illusioner'/11189, l='ServerLevel[world]', x=-733.28, y=-400.00, z=-610.78] died: Illusioner was killed whilst fighting Illusioner
[15:12:57] [Server thread/INFO]: Named entity class_1581['Illusioner'/11190, l='ServerLevel[world]', x=-733.28, y=-400.00, z=-610.78] died: Illusioner was killed
[15:13:02] [Server thread/INFO]: Named entity class_1613['Illusioner'/11191, l='ServerLevel[world]', x=-736.38, y=-400.00, z=-608.12] died: Illusioner was killed
[15:13:02] [Server thread/INFO]: Named entity class_1581['Illusioner'/11192, l='ServerLevel[world]', x=-736.38, y=-400.00, z=-608.12] died: Illusioner was killed
[15:13:02] [Server thread/INFO]: Named entity class_1613['Illusioner'/11188, l='ServerLevel[world]', x=-730.97, y=-400.00, z=-597.46] died: Illusioner was killed
[15:13:10] [Server thread/INFO]: Named entity class_1613['Illusioner'/11228, l='ServerLevel[world]', x=-729.18, y=-400.00, z=-593.11] died: Illusioner was killed
[15:13:10] [Server thread/INFO]: Named entity class_1613['Illusioner'/11231, l='ServerLevel[world]', x=-728.71, y=-400.00, z=-593.61] died: Illusioner was killed
[15:13:10] [Server thread/INFO]: Named entity class_1581['Illusioner'/11232, l='ServerLevel[world]', x=-728.71, y=-400.00, z=-593.61] died: Illusioner was killed
[15:13:10] [Server thread/INFO]: Named entity class_1613['Illusioner'/11229, l='ServerLevel[world]', x=-723.41, y=-400.00, z=-596.11] died: Illusioner was killed
[15:13:10] [Server thread/INFO]: Named entity class_1581['Illusioner'/11230, l='ServerLevel[world]', x=-723.41, y=-400.00, z=-596.11] died: Illusioner was killed
[15:13:17] [Server thread/INFO]: Named entity class_1613['Illusioner'/11313, l='ServerLevel[world]', x=-729.34, y=-400.00, z=-603.20] died: Illusioner was killed
[15:13:17] [Server thread/INFO]: Named entity class_1613['Illusioner'/11315, l='ServerLevel[world]', x=-723.23, y=-400.00, z=-599.35] died: Illusioner was killed
[15:13:17] [Server thread/INFO]: Named entity class_1581['Illusioner'/11316, l='ServerLevel[world]', x=-723.23, y=-400.00, z=-599.35] died: Illusioner was killed
[15:13:17] [Server thread/INFO]: Named entity class_1613['Illusioner'/11312, l='ServerLevel[world]', x=-727.37, y=-400.00, z=-593.46] died: Illusioner was killed
[15:13:17] [Server thread/INFO]: Named entity class_1581['Illusioner'/11314, l='ServerLevel[world]', x=-729.34, y=-400.00, z=-603.20] died: Illusioner was killed
[15:13:21] [Server thread/INFO]: Named entity class_1613['Illusioner'/11333, l='ServerLevel[world]', x=-724.74, y=-400.00, z=-600.87] died: Illusioner was killed
[15:13:21] [Server thread/INFO]: Named entity class_1581['Illusioner'/11334, l='ServerLevel[world]', x=-724.74, y=-400.00, z=-600.87] died: Illusioner was killed
[15:13:21] [Server thread/INFO]: Named entity class_1613['Illusioner'/11332, l='ServerLevel[world]', x=-723.74, y=-400.00, z=-592.89] died: Illusioner was killed
[15:13:21] [Server thread/INFO]: Named entity class_1613['Illusioner'/11335, l='ServerLevel[world]', x=-725.94, y=-400.00, z=-602.93] died: Illusioner was killed
[15:13:21] [Server thread/INFO]: Named entity class_1581['Illusioner'/11336, l='ServerLevel[world]', x=-725.94, y=-400.00, z=-602.93] died: Illusioner was killed
[15:13:22] [Server thread/INFO]: Named entity class_1613['Illusioner'/11381, l='ServerLevel[world]', x=-721.60, y=-400.00, z=-596.01] died: Illusioner was killed whilst fighting Illusioner
[15:13:22] [Server thread/INFO]: Named entity class_1581['Illusioner'/11382, l='ServerLevel[world]', x=-721.60, y=-400.00, z=-596.01] died: Illusioner was killed
[15:13:25] [Server thread/INFO]: Named entity class_1613['Illusioner'/11378, l='ServerLevel[world]', x=-725.96, y=-400.00, z=-596.32] died: Illusioner was killed
[15:13:25] [Server thread/INFO]: Named entity class_1613['Illusioner'/11379, l='ServerLevel[world]', x=-732.69, y=-400.00, z=-598.24] died: Illusioner was killed
[15:13:25] [Server thread/INFO]: Named entity class_1581['Illusioner'/11380, l='ServerLevel[world]', x=-732.69, y=-400.00, z=-598.24] died: Illusioner was killed
[15:13:32] [Server thread/INFO]: Named entity class_1613['Illusioner'/11465, l='ServerLevel[world]', x=-747.88, y=-400.00, z=-583.69] died: Illusioner was killed
[15:13:32] [Server thread/INFO]: Named entity class_1581['Illusioner'/11466, l='ServerLevel[world]', x=-747.88, y=-400.00, z=-583.69] died: Illusioner was killed
[15:13:32] [Server thread/INFO]: Named entity class_1613['Illusioner'/11462, l='ServerLevel[world]', x=-721.63, y=-400.00, z=-600.12] died: Illusioner was killed
[15:13:32] [Server thread/INFO]: Named entity class_1613['Illusioner'/11463, l='ServerLevel[world]', x=-722.59, y=-400.00, z=-586.89] died: Illusioner was killed
[15:13:32] [Server thread/INFO]: Named entity class_1581['Illusioner'/11464, l='ServerLevel[world]', x=-722.59, y=-400.00, z=-586.89] died: Illusioner was killed
[15:13:40] [Server thread/INFO]: Named entity class_1613['Illusioner'/11567, l='ServerLevel[world]', x=-723.63, y=-400.00, z=-598.12] died: Illusioner was killed
[15:13:40] [Server thread/INFO]: Named entity class_1581['Illusioner'/11568, l='ServerLevel[world]', x=-723.63, y=-400.00, z=-598.12] died: Illusioner was killed
[15:13:40] [Server thread/INFO]: Named entity class_1613['Illusioner'/11566, l='ServerLevel[world]', x=-715.63, y=-400.00, z=-592.12] died: Illusioner was killed
[15:13:40] [Server thread/INFO]: Named entity class_1613['Illusioner'/11569, l='ServerLevel[world]', x=-717.63, y=-400.00, z=-602.12] died: Illusioner was killed
[15:13:40] [Server thread/INFO]: Named entity class_1581['Illusioner'/11570, l='ServerLevel[world]', x=-717.63, y=-400.00, z=-602.12] died: Illusioner was killed
[15:13:45] [Server thread/INFO]: Named entity class_1613['Illusioner'/11591, l='ServerLevel[world]', x=-720.85, y=-400.00, z=-593.34] died: Illusioner was killed
[15:13:45] [Server thread/INFO]: Named entity class_1581['Illusioner'/11592, l='ServerLevel[world]', x=-720.85, y=-400.00, z=-593.34] died: Illusioner was killed
[15:13:45] [Server thread/INFO]: Named entity class_1613['Illusioner'/11590, l='ServerLevel[world]', x=-714.57, y=-400.00, z=-600.46] died: Illusioner was killed
[15:13:45] [Server thread/INFO]: Named entity class_1613['Illusioner'/11593, l='ServerLevel[world]', x=-715.42, y=-400.00, z=-593.68] died: Illusioner was killed
[15:13:45] [Server thread/INFO]: Named entity class_1581['Illusioner'/11594, l='ServerLevel[world]', x=-715.42, y=-400.00, z=-593.68] died: Illusioner was killed
[15:13:50] [Server thread/INFO]: Named entity class_1613['Illusioner'/11660, l='ServerLevel[world]', x=-722.56, y=-400.00, z=-596.46] died: Illusioner was killed
[15:13:50] [Server thread/INFO]: Named entity class_1613['Illusioner'/11663, l='ServerLevel[world]', x=-713.10, y=-400.00, z=-599.00] died: Illusioner was killed
[15:13:50] [Server thread/INFO]: Named entity class_1581['Illusioner'/11664, l='ServerLevel[world]', x=-713.10, y=-400.00, z=-599.00] died: Illusioner was killed
[15:13:50] [Server thread/INFO]: Named entity class_1613['Illusioner'/11661, l='ServerLevel[world]', x=-718.33, y=-400.00, z=-592.57] died: Illusioner was killed
[15:13:50] [Server thread/INFO]: Named entity class_1581['Illusioner'/11662, l='ServerLevel[world]', x=-718.33, y=-400.00, z=-592.57] died: Illusioner was killed
[15:13:58] [Server thread/INFO]: Named entity class_1613['Illusioner'/11720, l='ServerLevel[world]', x=-721.31, y=-400.00, z=-603.56] died: Illusioner was killed
[15:13:58] [Server thread/INFO]: Named entity class_1581['Illusioner'/11721, l='ServerLevel[world]', x=-721.31, y=-400.00, z=-603.56] died: Illusioner was killed
[15:13:58] [Server thread/INFO]: Named entity class_1613['Illusioner'/11718, l='ServerLevel[world]', x=-721.43, y=-400.00, z=-607.39] died: Illusioner was killed
[15:13:58] [Server thread/INFO]: Named entity class_1581['Illusioner'/11719, l='ServerLevel[world]', x=-721.43, y=-400.00, z=-607.39] died: Illusioner was killed
[15:13:58] [Server thread/INFO]: Named entity class_1613['Illusioner'/11717, l='ServerLevel[world]', x=-719.80, y=-400.00, z=-585.17] died: Illusioner was killed
[15:14:02] [Server thread/INFO]: Named entity class_1613['Illusioner'/11750, l='ServerLevel[world]', x=-723.77, y=-400.00, z=-585.18] died: Illusioner was killed
[15:14:02] [Server thread/INFO]: Named entity class_1613['Illusioner'/11751, l='ServerLevel[world]', x=-719.36, y=-400.00, z=-582.30] died: Illusioner was killed
[15:14:02] [Server thread/INFO]: Named entity class_1613['Illusioner'/11753, l='ServerLevel[world]', x=-718.72, y=-400.00, z=-586.00] died: Illusioner was killed
[15:14:02] [Server thread/INFO]: Named entity class_1581['Illusioner'/11752, l='ServerLevel[world]', x=-719.36, y=-400.00, z=-582.30] died: Illusioner was killed
[15:14:02] [Server thread/INFO]: Named entity class_1581['Illusioner'/11754, l='ServerLevel[world]', x=-718.72, y=-400.00, z=-586.00] died: Illusioner was killed
[15:14:05] [Server thread/INFO]: Named entity class_1613['Illusioner'/11786, l='ServerLevel[world]', x=-726.77, y=-400.00, z=-597.25] died: Illusioner was killed
[15:14:05] [Server thread/INFO]: Named entity class_1581['Illusioner'/11787, l='ServerLevel[world]', x=-726.77, y=-400.00, z=-597.25] died: Illusioner was killed
[15:14:05] [Server thread/INFO]: Named entity class_1613['Illusioner'/11785, l='ServerLevel[world]', x=-722.53, y=-400.00, z=-583.31] died: Illusioner was killed
[15:14:05] [Server thread/INFO]: Named entity class_1613['Illusioner'/11788, l='ServerLevel[world]', x=-719.82, y=-400.00, z=-590.66] died: Illusioner was killed
[15:14:05] [Server thread/INFO]: Named entity class_1581['Illusioner'/11789, l='ServerLevel[world]', x=-719.82, y=-400.00, z=-590.66] died: Illusioner was killed
[15:14:07] [Server thread/INFO]: pitulinaso drowned
[15:14:12] [Server thread/INFO]: Locating element minecraft:fortress took 0 ms
[15:14:23] [Server thread/INFO]: Named entity class_1613['Illusioner'/12403, l='ServerLevel[world]', x=-720.53, y=-400.00, z=-587.31] died: Illusioner was killed
[15:14:23] [Server thread/INFO]: Named entity class_1581['Illusioner'/12405, l='ServerLevel[world]', x=-722.53, y=-400.00, z=-579.31] died: Illusioner was killed
[15:14:23] [Server thread/INFO]: Named entity class_1581['Illusioner'/12407, l='ServerLevel[world]', x=-720.53, y=-400.00, z=-585.31] died: Illusioner was killed
[15:14:23] [Server thread/INFO]: Named entity class_1613['Illusioner'/12406, l='ServerLevel[world]', x=-726.53, y=-400.00, z=-583.31] died: Illusioner was killed
[15:14:23] [Server thread/INFO]: Named entity class_1613['Illusioner'/12404, l='ServerLevel[world]', x=-718.53, y=-400.00, z=-587.31] died: Illusioner was killed
[15:14:26] [Server thread/INFO]: pitulinaso claimed a grave belonging to pitulinaso at -724, 60, -586, minecraft:overworld
[15:14:31] [Server thread/INFO]: Named entity class_1613['Illusioner'/12598, l='ServerLevel[world]', x=-722.41, y=-400.00, z=-584.93] died: Illusioner was killed
[15:14:31] [Server thread/INFO]: Named entity class_1613['Illusioner'/12599, l='ServerLevel[world]', x=-711.89, y=-400.00, z=-601.99] died: Illusioner was killed
[15:14:31] [Server thread/INFO]: Named entity class_1581['Illusioner'/12600, l='ServerLevel[world]', x=-711.89, y=-400.00, z=-601.99] died: Illusioner was killed
[15:14:31] [Server thread/INFO]: Named entity class_1613['Illusioner'/12601, l='ServerLevel[world]', x=-709.30, y=-400.00, z=-560.30] died: Illusioner was killed
[15:14:31] [Server thread/INFO]: Named entity class_1581['Illusioner'/12602, l='ServerLevel[world]', x=-709.30, y=-400.00, z=-560.30] died: Illusioner was killed
[15:14:34] [Server thread/INFO]: Named entity class_1581['Illusioner'/12775, l='ServerLevel[world]', x=-722.48, y=-400.00, z=-583.77] died: Illusioner was killed whilst fighting Illusioner
[15:14:34] [Server thread/INFO]: Named entity class_1613['Illusioner'/12774, l='ServerLevel[world]', x=-722.61, y=-400.00, z=-583.39] died: Illusioner was killed
[15:14:36] [Server thread/INFO]: Named entity class_1613['Illusioner'/12771, l='ServerLevel[world]', x=-728.41, y=-400.00, z=-582.33] died: Illusioner was killed
[15:14:36] [Server thread/INFO]: Named entity class_1613['Illusioner'/12772, l='ServerLevel[world]', x=-726.99, y=-400.00, z=-583.30] died: Illusioner was killed
[15:14:36] [Server thread/INFO]: Named entity class_1581['Illusioner'/12773, l='ServerLevel[world]', x=-726.99, y=-400.00, z=-583.30] died: Illusioner was killed
[15:14:36] [Server thread/INFO]: pitulinaso has made the advancement [Shows Over!]
[15:16:31] [Server thread/INFO]: EmpaXG04 fell from a high place
[15:16:37] [Server thread/INFO]: [Not Secure] <EmpaXG04> dios
[15:16:41] [Server thread/INFO]: [Not Secure] <EmpaXG04> me cague todo
[15:16:46] [Server thread/INFO]: EmpaXG04 claimed a grave belonging to EmpaXG04 at 703, 37, -1204, minecraft:the_nether
[15:16:56] [Server thread/INFO]: EmpaXG04 has completed the challenge [Hot Tourist Destinations]
[15:17:39] [Server thread/INFO]: EmpaXG04 has made the advancement [A Terrible Fortress]
[15:21:29] [pool-4-thread-1/INFO]: Searching for closest structure among [ResourceKey[minecraft:worldgen/structure / minecraft:village_snowy], ResourceKey[minecraft:worldgen/structure / minecraft:village_savanna], ResourceKey[minecraft:worldgen/structure / minecraft:village_desert], ResourceKey[minecraft:worldgen/structure / minecraft:village_taiga], ResourceKey[minecraft:worldgen/structure / minecraft:village_plains]] from pos class_2338{x=-517, y=91, z=443}
[15:21:30] [Server thread/WARN]: Tried to load a DUMMY block entity @ class_2338{x=-517, y=91, z=443} but found not block entity block Block{minecraft:spruce_trapdoor}[facing=north,half=bottom,open=false,powered=false,waterlogged=false] at location
[15:21:30] [Server thread/WARN]: Tried to load a block entity for block Block{minecraft:spruce_trapdoor}[facing=north,half=bottom,open=false,powered=false,waterlogged=false] but failed at location class_2338{x=-517, y=91, z=443}
[15:22:35] [Server thread/INFO]: [pitulinaso: Set the weather to clear]
[15:23:01] [Server thread/INFO]: Locating element minecraft:fortress took 0 ms
[15:23:01] [Server thread/INFO]: EmpaXG04 has made the advancement [The Kings Residence]
[15:23:35] [Server thread/INFO]: [Not Secure] <EmpaXG04> LO LOGRE LPM
[15:23:38] [Server thread/INFO]: [Not Secure] <EmpaXG04> LO TENGO
[15:23:55] [Server thread/INFO]: [Not Secure] <EmpaXG04> amigo, una nether fort con un solo cofre y justo lo tenia
[15:24:04] [Server thread/INFO]: [Not Secure] <violetfoxx> encontraste la piedra filosofal chico?
[15:24:14] [Server thread/INFO]: [Not Secure] <EmpaXG04> encontre la piedra muchachos
[15:24:20] [Server thread/INFO]: [Not Secure] <EmpaXG04> che, alguien tiene arena de almas?
[15:24:34] [Worker-Main-10/WARN]: Moog's Voyager Structures: Empty or nonexistent pool: mvs:farm/side_pool which is being called from mvs:other_decoration/wooden_wheat_farm
[15:24:43] [Server thread/INFO]: [Not Secure] <violetfoxx> te sirve arena comun?
[15:24:51] [Server thread/INFO]: [Not Secure] <violetfoxx> deaa
[15:24:56] [Server thread/INFO]: [Not Secure] <EmpaXG04> nop, es para las verrugas, pero es lo de menos
[15:25:07] [Server thread/INFO]: [Not Secure] <violetfoxx> naonao io no tengo mano
[15:26:53] [Server thread/INFO]: pitulinaso fell from a high place
[15:27:05] [Server thread/INFO]: pitulinaso claimed a grave belonging to pitulinaso at -487, 160, 734, minecraft:overworld
[15:28:33] [Server thread/INFO]: pitulinaso was slain by Zombie
[15:31:14] [Server thread/INFO]: EmpaXG04 lost connection: Disconnected
[15:31:14] [Server thread/INFO]: EmpaXG04 left the game
[15:41:13] [Server thread/INFO]: Unknown or incomplete command, see below for error
[15:41:13] [Server thread/INFO]: jk<--[HERE]
[15:46:03] [Server thread/INFO]: pitulinaso claimed a grave belonging to pitulinaso at -539, 96, 805, minecraft:overworld
[15:49:51] [Worker-Main-10/WARN]: Moog's Voyager Structures: Empty or nonexistent pool: mvs:farm/side_pool which is being called from mvs:nature/short_oak_pathway
[15:49:51] [Worker-Main-10/WARN]: Moog's Voyager Structures: Empty or nonexistent pool: mvs:farm/side_pool which is being called from mvs:nature/short_oak_pathway
[15:50:30] [Worker-Main-10/WARN]: Moog's Voyager Structures: Empty or nonexistent pool: mvs:farm/side_pool which is being called from mvs:other_decoration/wheat_grain_bin
[15:51:20] [Server thread/INFO]: [pitulinaso: Set the weather to clear]
[16:03:05] [Server thread/INFO]: pitulinaso was blown up by Creeper
